# JRE version: OpenJDK Runtime Environment Temurin-21.0.12.1+1 (21.0.12.1+1) (build 21.0.12.1+1-LTS)
# Java VM: OpenJDK 64-Bit Server VM Temurin-21.0.12.1+1 (21.0.12.1+1-LTS, mixed mode, sharing, tiered, compressed oops, compressed class ptrs, parallel gc, windows-amd64)
GC Precious Log:
 CardTable entry size: 512
 CPUs: 8 total, 8 available
 Memory: 7931M
 Large Page Support: Disabled
 NUMA Support: Disabled
 Compressed Oops: Enabled (32-bit)
 Alignments: Space 512K, Generation 512K, Heap 2M
 Heap Min Capacity: 100M
 Heap Initial Capacity: 100M
 Heap Max Capacity: 2G
 Pre-touch: Disabled
 Parallel Workers: 8
Heap:
 PSYoungGen      total 13824K, used 10103K [0x00000000d5580000, 0x00000000d6780000, 0x0000000100000000)
  eden space 12288K, 69% used [0x00000000d5580000,0x00000000d5de3f48,0x00000000d6180000)
  from space 1536K, 98% used [0x00000000d6400000,0x00000000d6579d80,0x00000000d6580000)
  to   space 2560K, 0% used [0x00000000d6180000,0x00000000d6180000,0x00000000d6400000)
 ParOldGen       total 68608K, used 49066K [0x0000000080000000, 0x0000000084300000, 0x00000000d5580000)
  object space 68608K, 71% used [0x0000000080000000,0x0000000082fea830,0x0000000084300000)
 Metaspace       used 56024K, committed 57408K, reserved 1114112K
  class space    used 6154K, committed 6720K, reserved 1048576K
GC Heap History (20 events):
Event: 12.563 GC heap before
{Heap before GC invocations=31 (full 2):
 PSYoungGen      total 16384K, used 16324K [0x00000000d5580000, 0x00000000d6800000, 0x0000000100000000)
  eden space 14848K, 100% used [0x00000000d5580000,0x00000000d6400000,0x00000000d6400000)
  from space 1536K, 96% used [0x00000000d6680000,0x00000000d67f1000,0x00000000d6800000)
  to   space 2048K, 0% used [0x00000000d6400000,0x00000000d6400000,0x00000000d6600000)
 ParOldGen       total 68608K, used 40418K [0x0000000080000000, 0x0000000084300000, 0x00000000d5580000)
  object space 68608K, 58% used [0x0000000080000000,0x0000000082778a30,0x0000000084300000)
 Metaspace       used 48929K, committed 50240K, reserved 1114112K
  class space    used 5372K, committed 5952K, reserved 1048576K
}
Event: 12.566 GC heap after
{Heap after GC invocations=31 (full 2):
 PSYoungGen      total 16384K, used 1376K [0x00000000d5580000, 0x00000000d6700000, 0x0000000100000000)
  eden space 14848K, 0% used [0x00000000d5580000,0x00000000d5580000,0x00000000d6400000)
  from space 1536K, 89% used [0x00000000d6400000,0x00000000d6558000,0x00000000d6580000)
  to   space 1536K, 0% used [0x00000000d6580000,0x00000000d6580000,0x00000000d6700000)
 ParOldGen       total 68608K, used 41818K [0x0000000080000000, 0x0000000084300000, 0x00000000d5580000)
  object space 68608K, 60% used [0x0000000080000000,0x00000000828d6b30,0x0000000084300000)
 Metaspace       used 48929K, committed 50240K, reserved 1114112K
  class space    used 5372K, committed 5952K, reserved 1048576K
}
Event: 12.630 GC heap before
{Heap before GC invocations=32 (full 2):
 PSYoungGen      total 16384K, used 16224K [0x00000000d5580000, 0x00000000d6700000, 0x0000000100000000)
  eden space 14848K, 100% used [0x00000000d5580000,0x00000000d6400000,0x00000000d6400000)
  from space 1536K, 89% used [0x00000000d6400000,0x00000000d6558000,0x00000000d6580000)
  to   space 1536K, 0% used [0x00000000d6580000,0x00000000d6580000,0x00000000d6700000)
 ParOldGen       total 68608K, used 41818K [0x0000000080000000, 0x0000000084300000, 0x00000000d5580000)
  object space 68608K, 60% used [0x0000000080000000,0x00000000828d6b30,0x0000000084300000)
 Metaspace       used 48952K, committed 50240K, reserved 1114112K
  class space    used 5372K, committed 5952K, reserved 1048576K
}
Event: 12.633 GC heap after
{Heap after GC invocations=32 (full 2):
 PSYoungGen      total 14848K, used 1504K [0x00000000d5580000, 0x00000000d6a00000, 0x0000000100000000)
  eden space 13312K, 0% used [0x00000000d5580000,0x00000000d5580000,0x00000000d6280000)
  from space 1536K, 97% used [0x00000000d6580000,0x00000000d66f8010,0x00000000d6700000)
  to   space 3072K, 0% used [0x00000000d6280000,0x00000000d6280000,0x00000000d6580000)
 ParOldGen       total 68608K, used 43090K [0x0000000080000000, 0x0000000084300000, 0x00000000d5580000)
  object space 68608K, 62% used [0x0000000080000000,0x0000000082a14b30,0x0000000084300000)
 Metaspace       used 48952K, committed 50240K, reserved 1114112K
  class space    used 5372K, committed 5952K, reserved 1048576K
}
Event: 12.682 GC heap before
{Heap before GC invocations=33 (full 2):
 PSYoungGen      total 14848K, used 14816K [0x00000000d5580000, 0x00000000d6a00000, 0x0000000100000000)
  eden space 13312K, 100% used [0x00000000d5580000,0x00000000d6280000,0x00000000d6280000)
  from space 1536K, 97% used [0x00000000d6580000,0x00000000d66f8010,0x00000000d6700000)
  to   space 3072K, 0% used [0x00000000d6280000,0x00000000d6280000,0x00000000d6580000)
 ParOldGen       total 68608K, used 43090K [0x0000000080000000, 0x0000000084300000, 0x00000000d5580000)
  object space 68608K, 62% used [0x0000000080000000,0x0000000082a14b30,0x0000000084300000)
 Metaspace       used 48968K, committed 50240K, reserved 1114112K
  class space    used 5372K, committed 5952K, reserved 1048576K
}
Event: 12.685 GC heap after
{Heap after GC invocations=33 (full 2):
 PSYoungGen      total 14848K, used 1240K [0x00000000d5580000, 0x00000000d6680000, 0x0000000100000000)
  eden space 13312K, 0% used [0x00000000d5580000,0x00000000d5580000,0x00000000d6280000)
  from space 1536K, 80% used [0x00000000d6280000,0x00000000d63b6200,0x00000000d6400000)
  to   space 2048K, 0% used [0x00000000d6480000,0x00000000d6480000,0x00000000d6680000)
 ParOldGen       total 68608K, used 44538K [0x0000000080000000, 0x0000000084300000, 0x00000000d5580000)
  object space 68608K, 64% used [0x0000000080000000,0x0000000082b7eb40,0x0000000084300000)
 Metaspace       used 48968K, committed 50240K, reserved 1114112K
  class space    used 5372K, committed 5952K, reserved 1048576K
}
Event: 12.737 GC heap before
{Heap before GC invocations=34 (full 2):
 PSYoungGen      total 14848K, used 14552K [0x00000000d5580000, 0x00000000d6680000, 0x0000000100000000)
  eden space 13312K, 100% used [0x00000000d5580000,0x00000000d6280000,0x00000000d6280000)
  from space 1536K, 80% used [0x00000000d6280000,0x00000000d63b6200,0x00000000d6400000)
  to   space 2048K, 0% used [0x00000000d6480000,0x00000000d6480000,0x00000000d6680000)
 ParOldGen       total 68608K, used 44538K [0x0000000080000000, 0x0000000084300000, 0x00000000d5580000)
  object space 68608K, 64% used [0x0000000080000000,0x0000000082b7eb40,0x0000000084300000)
 Metaspace       used 49036K, committed 50304K, reserved 1114112K
  class space    used 5382K, committed 5952K, reserved 1048576K
}
Event: 12.740 GC heap after
{Heap after GC invocations=34 (full 2):
 PSYoungGen      total 14848K, used 1390K [0x00000000d5580000, 0x00000000d6600000, 0x0000000100000000)
  eden space 13312K, 0% used [0x00000000d5580000,0x00000000d5580000,0x00000000d6280000)
  from space 1536K, 90% used [0x00000000d6480000,0x00000000d65db830,0x00000000d6600000)
  to   space 1536K, 0% used [0x00000000d6280000,0x00000000d6280000,0x00000000d6400000)
 ParOldGen       total 68608K, used 45659K [0x0000000080000000, 0x0000000084300000, 0x00000000d5580000)
  object space 68608K, 66% used [0x0000000080000000,0x0000000082c96d40,0x0000000084300000)
 Metaspace       used 49036K, committed 50304K, reserved 1114112K
  class space    used 5382K, committed 5952K, reserved 1048576K
}
Event: 12.918 GC heap before
{Heap before GC invocations=35 (full 2):
 PSYoungGen      total 14848K, used 14702K [0x00000000d5580000, 0x00000000d6600000, 0x0000000100000000)
  eden space 13312K, 100% used [0x00000000d5580000,0x00000000d6280000,0x00000000d6280000)
  from space 1536K, 90% used [0x00000000d6480000,0x00000000d65db830,0x00000000d6600000)
  to   space 1536K, 0% used [0x00000000d6280000,0x00000000d6280000,0x00000000d6400000)
 ParOldGen       total 68608K, used 45659K [0x0000000080000000, 0x0000000084300000, 0x00000000d5580000)
  object space 68608K, 66% used [0x0000000080000000,0x0000000082c96d40,0x0000000084300000)
 Metaspace       used 50695K, committed 51904K, reserved 1114112K
  class space    used 5599K, committed 6144K, reserved 1048576K
}
Event: 12.920 GC heap after
{Heap after GC invocations=35 (full 2):
 PSYoungGen      total 14848K, used 728K [0x00000000d5580000, 0x00000000d6500000, 0x0000000100000000)
  eden space 13312K, 0% used [0x00000000d5580000,0x00000000d5580000,0x00000000d6280000)
  from space 1536K, 47% used [0x00000000d6280000,0x00000000d63362f8,0x00000000d6400000)
  to   space 1024K, 0% used [0x00000000d6400000,0x00000000d6400000,0x00000000d6500000)
 ParOldGen       total 68608K, used 46672K [0x0000000080000000, 0x0000000084300000, 0x00000000d5580000)
  object space 68608K, 68% used [0x0000000080000000,0x0000000082d94098,0x0000000084300000)
 Metaspace       used 50695K, committed 51904K, reserved 1114112K
  class space    used 5599K, committed 6144K, reserved 1048576K
}
Event: 13.186 GC heap before
{Heap before GC invocations=36 (full 2):
 PSYoungGen      total 14848K, used 14040K [0x00000000d5580000, 0x00000000d6500000, 0x0000000100000000)
  eden space 13312K, 100% used [0x00000000d5580000,0x00000000d6280000,0x00000000d6280000)
  from space 1536K, 47% used [0x00000000d6280000,0x00000000d63362f8,0x00000000d6400000)
  to   space 1024K, 0% used [0x00000000d6400000,0x00000000d6400000,0x00000000d6500000)
 ParOldGen       total 68608K, used 46672K [0x0000000080000000, 0x0000000084300000, 0x00000000d5580000)
  object space 68608K, 68% used [0x0000000080000000,0x0000000082d94098,0x0000000084300000)
 Metaspace       used 51133K, committed 52480K, reserved 1114112K
  class space    used 5672K, committed 6272K, reserved 1048576K
}
Event: 13.187 GC heap after
{Heap after GC invocations=36 (full 2):
 PSYoungGen      total 13824K, used 288K [0x00000000d5580000, 0x00000000d6480000, 0x0000000100000000)
  eden space 13312K, 0% used [0x00000000d5580000,0x00000000d5580000,0x00000000d6280000)
  from space 512K, 56% used [0x00000000d6400000,0x00000000d6448000,0x00000000d6480000)
  to   space 512K, 0% used [0x00000000d6380000,0x00000000d6380000,0x00000000d6400000)
 ParOldGen       total 68608K, used 47290K [0x0000000080000000, 0x0000000084300000, 0x00000000d5580000)
  object space 68608K, 68% used [0x0000000080000000,0x0000000082e2eb68,0x0000000084300000)
 Metaspace       used 51133K, committed 52480K, reserved 1114112K
  class space    used 5672K, committed 6272K, reserved 1048576K
}
Event: 13.435 GC heap before
{Heap before GC invocations=37 (full 2):
 PSYoungGen      total 13824K, used 13600K [0x00000000d5580000, 0x00000000d6480000, 0x0000000100000000)
  eden space 13312K, 100% used [0x00000000d5580000,0x00000000d6280000,0x00000000d6280000)
  from space 512K, 56% used [0x00000000d6400000,0x00000000d6448000,0x00000000d6480000)
  to   space 512K, 0% used [0x00000000d6380000,0x00000000d6380000,0x00000000d6400000)
 ParOldGen       total 68608K, used 47290K [0x0000000080000000, 0x0000000084300000, 0x00000000d5580000)
  object space 68608K, 68% used [0x0000000080000000,0x0000000082e2eb68,0x0000000084300000)
 Metaspace       used 51896K, committed 53184K, reserved 1114112K
  class space    used 5745K, committed 6336K, reserved 1048576K
}
Event: 13.437 GC heap after
{Heap after GC invocations=37 (full 2):
 PSYoungGen      total 13824K, used 384K [0x00000000d5580000, 0x00000000d6480000, 0x0000000100000000)
  eden space 13312K, 0% used [0x00000000d5580000,0x00000000d5580000,0x00000000d6280000)
  from space 512K, 75% used [0x00000000d6380000,0x00000000d63e0010,0x00000000d6400000)
  to   space 512K, 0% used [0x00000000d6400000,0x00000000d6400000,0x00000000d6480000)
 ParOldGen       total 68608K, used 47458K [0x0000000080000000, 0x0000000084300000, 0x00000000d5580000)
  object space 68608K, 69% used [0x0000000080000000,0x0000000082e58b68,0x0000000084300000)
 Metaspace       used 51896K, committed 53184K, reserved 1114112K
  class space    used 5745K, committed 6336K, reserved 1048576K
}
Event: 13.690 GC heap before
{Heap before GC invocations=38 (full 2):
 PSYoungGen      total 13824K, used 13696K [0x00000000d5580000, 0x00000000d6480000, 0x0000000100000000)
  eden space 13312K, 100% used [0x00000000d5580000,0x00000000d6280000,0x00000000d6280000)
  from space 512K, 75% used [0x00000000d6380000,0x00000000d63e0010,0x00000000d6400000)
  to   space 512K, 0% used [0x00000000d6400000,0x00000000d6400000,0x00000000d6480000)
 ParOldGen       total 68608K, used 47458K [0x0000000080000000, 0x0000000084300000, 0x00000000d5580000)
  object space 68608K, 69% used [0x0000000080000000,0x0000000082e58b68,0x0000000084300000)
 Metaspace       used 53482K, committed 54848K, reserved 1114112K
  class space    used 5907K, committed 6528K, reserved 1048576K
}
Event: 13.693 GC heap after
{Heap after GC invocations=38 (full 2):
 PSYoungGen      total 13824K, used 473K [0x00000000d5580000, 0x00000000d6480000, 0x0000000100000000)
  eden space 13312K, 0% used [0x00000000d5580000,0x00000000d5580000,0x00000000d6280000)
  from space 512K, 92% used [0x00000000d6400000,0x00000000d64764b0,0x00000000d6480000)
  to   space 512K, 0% used [0x00000000d6380000,0x00000000d6380000,0x00000000d6400000)
 ParOldGen       total 68608K, used 47634K [0x0000000080000000, 0x0000000084300000, 0x00000000d5580000)
  object space 68608K, 69% used [0x0000000080000000,0x0000000082e84b68,0x0000000084300000)
 Metaspace       used 53482K, committed 54848K, reserved 1114112K
  class space    used 5907K, committed 6528K, reserved 1048576K
}
Event: 14.086 GC heap before
{Heap before GC invocations=39 (full 2):
 PSYoungGen      total 13824K, used 13785K [0x00000000d5580000, 0x00000000d6480000, 0x0000000100000000)
  eden space 13312K, 100% used [0x00000000d5580000,0x00000000d6280000,0x00000000d6280000)
  from space 512K, 92% used [0x00000000d6400000,0x00000000d64764b0,0x00000000d6480000)
  to   space 512K, 0% used [0x00000000d6380000,0x00000000d6380000,0x00000000d6400000)
 ParOldGen       total 68608K, used 47634K [0x0000000080000000, 0x0000000084300000, 0x00000000d5580000)
  object space 68608K, 69% used [0x0000000080000000,0x0000000082e84b68,0x0000000084300000)
 Metaspace       used 54580K, committed 55936K, reserved 1114112K
  class space    used 6016K, committed 6592K, reserved 1048576K
}
Event: 14.090 GC heap after
{Heap after GC invocations=39 (full 2):
 PSYoungGen      total 13824K, used 486K [0x00000000d5580000, 0x00000000d6580000, 0x0000000100000000)
  eden space 13312K, 0% used [0x00000000d5580000,0x00000000d5580000,0x00000000d6280000)
  from space 512K, 95% used [0x00000000d6380000,0x00000000d63f99a8,0x00000000d6400000)
  to   space 1536K, 0% used [0x00000000d6400000,0x00000000d6400000,0x00000000d6580000)
 ParOldGen       total 68608K, used 48463K [0x0000000080000000, 0x0000000084300000, 0x00000000d5580000)
  object space 68608K, 70% used [0x0000000080000000,0x0000000082f53d08,0x0000000084300000)
 Metaspace       used 54580K, committed 55936K, reserved 1114112K
  class space    used 6016K, committed 6592K, reserved 1048576K
}
Event: 14.312 GC heap before
{Heap before GC invocations=40 (full 2):
 PSYoungGen      total 13824K, used 13798K [0x00000000d5580000, 0x00000000d6580000, 0x0000000100000000)
  eden space 13312K, 100% used [0x00000000d5580000,0x00000000d6280000,0x00000000d6280000)
  from space 512K, 95% used [0x00000000d6380000,0x00000000d63f99a8,0x00000000d6400000)
  to   space 1536K, 0% used [0x00000000d6400000,0x00000000d6400000,0x00000000d6580000)
 ParOldGen       total 68608K, used 48463K [0x0000000080000000, 0x0000000084300000, 0x00000000d5580000)
  object space 68608K, 70% used [0x0000000080000000,0x0000000082f53d08,0x0000000084300000)
 Metaspace       used 55790K, committed 57152K, reserved 1114112K
  class space    used 6131K, committed 6720K, reserved 1048576K
}
Event: 14.315 GC heap after
{Heap after GC invocations=40 (full 2):
 PSYoungGen      total 13824K, used 1511K [0x00000000d5580000, 0x00000000d6780000, 0x0000000100000000)
  eden space 12288K, 0% used [0x00000000d5580000,0x00000000d5580000,0x00000000d6180000)
  from space 1536K, 98% used [0x00000000d6400000,0x00000000d6579d80,0x00000000d6580000)
  to   space 2560K, 0% used [0x00000000d6180000,0x00000000d6180000,0x00000000d6400000)
 ParOldGen       total 68608K, used 49066K [0x0000000080000000, 0x0000000084300000, 0x00000000d5580000)
  object space 68608K, 71% used [0x0000000080000000,0x0000000082fea830,0x0000000084300000)
 Metaspace       used 55790K, committed 57152K, reserved 1114112K
  class space    used 6131K, committed 6720K, reserved 1048576K
}

