# JRE version: OpenJDK Runtime Environment Temurin-21.0.12.1+1 (21.0.12.1+1) (build 21.0.12.1+1-LTS)
# Java VM: OpenJDK 64-Bit Server VM Temurin-21.0.12.1+1 (21.0.12.1+1-LTS, mixed mode, sharing, tiered, compressed oops, compressed class ptrs, parallel gc, windows-amd64)
GC Precious Log:
 CardTable entry size: 512
 CPUs: 8 total, 8 available
 Memory: 7931M
 Large Page Support: Disabled
 NUMA Support: Disabled
 Compressed Oops: Enabled (32-bit)
 Alignments: Space 512K, Generation 512K, Heap 2M
 Heap Min Capacity: 100M
 Heap Initial Capacity: 100M
 Heap Max Capacity: 2G
 Pre-touch: Disabled
 Parallel Workers: 8
Heap:
 PSYoungGen      total 17408K, used 17384K [0x00000000d5580000, 0x00000000d6980000, 0x0000000100000000)
  eden space 15360K, 100% used [0x00000000d5580000,0x00000000d6480000,0x00000000d6480000)
  from space 2048K, 98% used [0x00000000d6780000,0x00000000d697a238,0x00000000d6980000)
  to   space 2560K, 93% used [0x00000000d6500000,0x00000000d6753ed8,0x00000000d6780000)
 ParOldGen       total 138240K, used 138239K [0x0000000080000000, 0x0000000088700000, 0x00000000d5580000)
  object space 138240K, 99% used [0x0000000080000000,0x00000000886ffd10,0x0000000088700000)
 Metaspace       used 71247K, committed 72768K, reserved 1114112K
  class space    used 7719K, committed 8320K, reserved 1048576K
GC Heap History (20 events):
Event: 53.451 GC heap before
{Heap before GC invocations=104 (full 3):
 PSYoungGen      total 19456K, used 19207K [0x00000000d5580000, 0x00000000d6e00000, 0x0000000100000000)
  eden space 16384K, 100% used [0x00000000d5580000,0x00000000d6580000,0x00000000d6580000)
  from space 3072K, 91% used [0x00000000d6b00000,0x00000000d6dc1dd0,0x00000000d6e00000)
  to   space 3584K, 0% used [0x00000000d6700000,0x00000000d6700000,0x00000000d6a80000)
 ParOldGen       total 113664K, used 113594K [0x0000000080000000, 0x0000000086f00000, 0x00000000d5580000)
  object space 113664K, 99% used [0x0000000080000000,0x0000000086eee8c0,0x0000000086f00000)
 Metaspace       used 71242K, committed 72768K, reserved 1114112K
  class space    used 7719K, committed 8320K, reserved 1048576K
}
Event: 53.455 GC heap after
{Heap after GC invocations=104 (full 3):
 PSYoungGen      total 19456K, used 2672K [0x00000000d5580000, 0x00000000d6b80000, 0x0000000100000000)
  eden space 16384K, 0% used [0x00000000d5580000,0x00000000d5580000,0x00000000d6580000)
  from space 3072K, 86% used [0x00000000d6700000,0x00000000d699c278,0x00000000d6a00000)
  to   space 1536K, 0% used [0x00000000d6a00000,0x00000000d6a00000,0x00000000d6b80000)
 ParOldGen       total 116736K, used 116246K [0x0000000080000000, 0x0000000087200000, 0x00000000d5580000)
  object space 116736K, 99% used [0x0000000080000000,0x0000000087185b60,0x0000000087200000)
 Metaspace       used 71242K, committed 72768K, reserved 1114112K
  class space    used 7719K, committed 8320K, reserved 1048576K
}
Event: 53.588 GC heap before
{Heap before GC invocations=105 (full 3):
 PSYoungGen      total 19456K, used 19056K [0x00000000d5580000, 0x00000000d6b80000, 0x0000000100000000)
  eden space 16384K, 100% used [0x00000000d5580000,0x00000000d6580000,0x00000000d6580000)
  from space 3072K, 86% used [0x00000000d6700000,0x00000000d699c278,0x00000000d6a00000)
  to   space 1536K, 0% used [0x00000000d6a00000,0x00000000d6a00000,0x00000000d6b80000)
 ParOldGen       total 116736K, used 116246K [0x0000000080000000, 0x0000000087200000, 0x00000000d5580000)
  object space 116736K, 99% used [0x0000000080000000,0x0000000087185b60,0x0000000087200000)
 Metaspace       used 71245K, committed 72768K, reserved 1114112K
  class space    used 7719K, committed 8320K, reserved 1048576K
}
Event: 53.592 GC heap after
{Heap after GC invocations=105 (full 3):
 PSYoungGen      total 16896K, used 1509K [0x00000000d5580000, 0x00000000d7080000, 0x0000000100000000)
  eden space 15360K, 0% used [0x00000000d5580000,0x00000000d5580000,0x00000000d6480000)
  from space 1536K, 98% used [0x00000000d6a00000,0x00000000d6b79698,0x00000000d6b80000)
  to   space 5632K, 0% used [0x00000000d6480000,0x00000000d6480000,0x00000000d6a00000)
 ParOldGen       total 120320K, used 119880K [0x0000000080000000, 0x0000000087580000, 0x00000000d5580000)
  object space 120320K, 99% used [0x0000000080000000,0x0000000087512088,0x0000000087580000)
 Metaspace       used 71245K, committed 72768K, reserved 1114112K
  class space    used 7719K, committed 8320K, reserved 1048576K
}
Event: 53.677 GC heap before
{Heap before GC invocations=106 (full 3):
 PSYoungGen      total 16896K, used 16869K [0x00000000d5580000, 0x00000000d7080000, 0x0000000100000000)
  eden space 15360K, 100% used [0x00000000d5580000,0x00000000d6480000,0x00000000d6480000)
  from space 1536K, 98% used [0x00000000d6a00000,0x00000000d6b79698,0x00000000d6b80000)
  to   space 5632K, 0% used [0x00000000d6480000,0x00000000d6480000,0x00000000d6a00000)
 ParOldGen       total 120320K, used 119880K [0x0000000080000000, 0x0000000087580000, 0x00000000d5580000)
  object space 120320K, 99% used [0x0000000080000000,0x0000000087512088,0x0000000087580000)
 Metaspace       used 71245K, committed 72768K, reserved 1114112K
  class space    used 7719K, committed 8320K, reserved 1048576K
}
Event: 53.681 GC heap after
{Heap after GC invocations=106 (full 3):
 PSYoungGen      total 17920K, used 2470K [0x00000000d5580000, 0x00000000d6b80000, 0x0000000100000000)
  eden space 15360K, 0% used [0x00000000d5580000,0x00000000d5580000,0x00000000d6480000)
  from space 2560K, 96% used [0x00000000d6480000,0x00000000d66e9af8,0x00000000d6700000)
  to   space 3584K, 0% used [0x00000000d6800000,0x00000000d6800000,0x00000000d6b80000)
 ParOldGen       total 121856K, used 121395K [0x0000000080000000, 0x0000000087700000, 0x00000000d5580000)
  object space 121856K, 99% used [0x0000000080000000,0x000000008768cc30,0x0000000087700000)
 Metaspace       used 71245K, committed 72768K, reserved 1114112K
  class space    used 7719K, committed 8320K, reserved 1048576K
}
Event: 53.786 GC heap before
{Heap before GC invocations=107 (full 3):
 PSYoungGen      total 17920K, used 17830K [0x00000000d5580000, 0x00000000d6b80000, 0x0000000100000000)
  eden space 15360K, 100% used [0x00000000d5580000,0x00000000d6480000,0x00000000d6480000)
  from space 2560K, 96% used [0x00000000d6480000,0x00000000d66e9af8,0x00000000d6700000)
  to   space 3584K, 0% used [0x00000000d6800000,0x00000000d6800000,0x00000000d6b80000)
 ParOldGen       total 121856K, used 121395K [0x0000000080000000, 0x0000000087700000, 0x00000000d5580000)
  object space 121856K, 99% used [0x0000000080000000,0x000000008768cc30,0x0000000087700000)
 Metaspace       used 71245K, committed 72768K, reserved 1114112K
  class space    used 7719K, committed 8320K, reserved 1048576K
}
Event: 53.791 GC heap after
{Heap after GC invocations=107 (full 3):
 PSYoungGen      total 18432K, used 2619K [0x00000000d5580000, 0x00000000d6b00000, 0x0000000100000000)
  eden space 15360K, 0% used [0x00000000d5580000,0x00000000d5580000,0x00000000d6480000)
  from space 3072K, 85% used [0x00000000d6800000,0x00000000d6a8ed80,0x00000000d6b00000)
  to   space 3072K, 0% used [0x00000000d6500000,0x00000000d6500000,0x00000000d6800000)
 ParOldGen       total 123904K, used 123757K [0x0000000080000000, 0x0000000087900000, 0x00000000d5580000)
  object space 123904K, 99% used [0x0000000080000000,0x00000000878db5c0,0x0000000087900000)
 Metaspace       used 71245K, committed 72768K, reserved 1114112K
  class space    used 7719K, committed 8320K, reserved 1048576K
}
Event: 53.890 GC heap before
{Heap before GC invocations=108 (full 3):
 PSYoungGen      total 18432K, used 17979K [0x00000000d5580000, 0x00000000d6b00000, 0x0000000100000000)
  eden space 15360K, 100% used [0x00000000d5580000,0x00000000d6480000,0x00000000d6480000)
  from space 3072K, 85% used [0x00000000d6800000,0x00000000d6a8ed80,0x00000000d6b00000)
  to   space 3072K, 0% used [0x00000000d6500000,0x00000000d6500000,0x00000000d6800000)
 ParOldGen       total 123904K, used 123757K [0x0000000080000000, 0x0000000087900000, 0x00000000d5580000)
  object space 123904K, 99% used [0x0000000080000000,0x00000000878db5c0,0x0000000087900000)
 Metaspace       used 71247K, committed 72768K, reserved 1114112K
  class space    used 7719K, committed 8320K, reserved 1048576K
}
Event: 53.894 GC heap after
{Heap after GC invocations=108 (full 3):
 PSYoungGen      total 17920K, used 2557K [0x00000000d5580000, 0x00000000d6a80000, 0x0000000100000000)
  eden space 15360K, 0% used [0x00000000d5580000,0x00000000d5580000,0x00000000d6480000)
  from space 2560K, 99% used [0x00000000d6500000,0x00000000d677f660,0x00000000d6780000)
  to   space 3072K, 0% used [0x00000000d6780000,0x00000000d6780000,0x00000000d6a80000)
 ParOldGen       total 126464K, used 126296K [0x0000000080000000, 0x0000000087b80000, 0x00000000d5580000)
  object space 126464K, 99% used [0x0000000080000000,0x0000000087b56270,0x0000000087b80000)
 Metaspace       used 71247K, committed 72768K, reserved 1114112K
  class space    used 7719K, committed 8320K, reserved 1048576K
}
Event: 54.007 GC heap before
{Heap before GC invocations=109 (full 3):
 PSYoungGen      total 17920K, used 17909K [0x00000000d5580000, 0x00000000d6a80000, 0x0000000100000000)
  eden space 15360K, 99% used [0x00000000d5580000,0x00000000d647e000,0x00000000d6480000)
  from space 2560K, 99% used [0x00000000d6500000,0x00000000d677f660,0x00000000d6780000)
  to   space 3072K, 0% used [0x00000000d6780000,0x00000000d6780000,0x00000000d6a80000)
 ParOldGen       total 126464K, used 126296K [0x0000000080000000, 0x0000000087b80000, 0x00000000d5580000)
  object space 126464K, 99% used [0x0000000080000000,0x0000000087b56270,0x0000000087b80000)
 Metaspace       used 71247K, committed 72768K, reserved 1114112K
  class space    used 7719K, committed 8320K, reserved 1048576K
}
Event: 54.010 GC heap after
{Heap after GC invocations=109 (full 3):
 PSYoungGen      total 18432K, used 2566K [0x00000000d5580000, 0x00000000d6a80000, 0x0000000100000000)
  eden space 15360K, 0% used [0x00000000d5580000,0x00000000d5580000,0x00000000d6480000)
  from space 3072K, 83% used [0x00000000d6780000,0x00000000d6a019f0,0x00000000d6a80000)
  to   space 3072K, 0% used [0x00000000d6480000,0x00000000d6480000,0x00000000d6780000)
 ParOldGen       total 129024K, used 128706K [0x0000000080000000, 0x0000000087e00000, 0x00000000d5580000)
  object space 129024K, 99% used [0x0000000080000000,0x0000000087db0b10,0x0000000087e00000)
 Metaspace       used 71247K, committed 72768K, reserved 1114112K
  class space    used 7719K, committed 8320K, reserved 1048576K
}
Event: 54.101 GC heap before
{Heap before GC invocations=110 (full 3):
 PSYoungGen      total 18432K, used 17926K [0x00000000d5580000, 0x00000000d6a80000, 0x0000000100000000)
  eden space 15360K, 100% used [0x00000000d5580000,0x00000000d6480000,0x00000000d6480000)
  from space 3072K, 83% used [0x00000000d6780000,0x00000000d6a019f0,0x00000000d6a80000)
  to   space 3072K, 0% used [0x00000000d6480000,0x00000000d6480000,0x00000000d6780000)
 ParOldGen       total 129024K, used 128706K [0x0000000080000000, 0x0000000087e00000, 0x00000000d5580000)
  object space 129024K, 99% used [0x0000000080000000,0x0000000087db0b10,0x0000000087e00000)
 Metaspace       used 71247K, committed 72768K, reserved 1114112K
  class space    used 7719K, committed 8320K, reserved 1048576K
}
Event: 54.104 GC heap after
{Heap after GC invocations=110 (full 3):
 PSYoungGen      total 18432K, used 2612K [0x00000000d5580000, 0x00000000d6a80000, 0x0000000100000000)
  eden space 15360K, 0% used [0x00000000d5580000,0x00000000d5580000,0x00000000d6480000)
  from space 3072K, 85% used [0x00000000d6480000,0x00000000d670d2d0,0x00000000d6780000)
  to   space 3072K, 0% used [0x00000000d6780000,0x00000000d6780000,0x00000000d6a80000)
 ParOldGen       total 131072K, used 131067K [0x0000000080000000, 0x0000000088000000, 0x00000000d5580000)
  object space 131072K, 99% used [0x0000000080000000,0x0000000087ffee78,0x0000000088000000)
 Metaspace       used 71247K, committed 72768K, reserved 1114112K
  class space    used 7719K, committed 8320K, reserved 1048576K
}
Event: 54.206 GC heap before
{Heap before GC invocations=111 (full 3):
 PSYoungGen      total 18432K, used 17972K [0x00000000d5580000, 0x00000000d6a80000, 0x0000000100000000)
  eden space 15360K, 100% used [0x00000000d5580000,0x00000000d6480000,0x00000000d6480000)
  from space 3072K, 85% used [0x00000000d6480000,0x00000000d670d2d0,0x00000000d6780000)
  to   space 3072K, 0% used [0x00000000d6780000,0x00000000d6780000,0x00000000d6a80000)
 ParOldGen       total 131072K, used 131067K [0x0000000080000000, 0x0000000088000000, 0x00000000d5580000)
  object space 131072K, 99% used [0x0000000080000000,0x0000000087ffee78,0x0000000088000000)
 Metaspace       used 71247K, committed 72768K, reserved 1114112K
  class space    used 7719K, committed 8320K, reserved 1048576K
}
Event: 54.209 GC heap after
{Heap after GC invocations=111 (full 3):
 PSYoungGen      total 17920K, used 2406K [0x00000000d5580000, 0x00000000d6a00000, 0x0000000100000000)
  eden space 15360K, 0% used [0x00000000d5580000,0x00000000d5580000,0x00000000d6480000)
  from space 2560K, 94% used [0x00000000d6780000,0x00000000d69d9af0,0x00000000d6a00000)
  to   space 2560K, 0% used [0x00000000d6500000,0x00000000d6500000,0x00000000d6780000)
 ParOldGen       total 133632K, used 133516K [0x0000000080000000, 0x0000000088280000, 0x00000000d5580000)
  object space 133632K, 99% used [0x0000000080000000,0x00000000882630b8,0x0000000088280000)
 Metaspace       used 71247K, committed 72768K, reserved 1114112K
  class space    used 7719K, committed 8320K, reserved 1048576K
}
Event: 54.313 GC heap before
{Heap before GC invocations=112 (full 3):
 PSYoungGen      total 17920K, used 17766K [0x00000000d5580000, 0x00000000d6a00000, 0x0000000100000000)
  eden space 15360K, 100% used [0x00000000d5580000,0x00000000d6480000,0x00000000d6480000)
  from space 2560K, 94% used [0x00000000d6780000,0x00000000d69d9af0,0x00000000d6a00000)
  to   space 2560K, 0% used [0x00000000d6500000,0x00000000d6500000,0x00000000d6780000)
 ParOldGen       total 133632K, used 133516K [0x0000000080000000, 0x0000000088280000, 0x00000000d5580000)
  object space 133632K, 99% used [0x0000000080000000,0x00000000882630b8,0x0000000088280000)
 Metaspace       used 71247K, committed 72768K, reserved 1114112K
  class space    used 7719K, committed 8320K, reserved 1048576K
}
Event: 54.318 GC heap after
{Heap after GC invocations=112 (full 3):
 PSYoungGen      total 17920K, used 2315K [0x00000000d5580000, 0x00000000d6980000, 0x0000000100000000)
  eden space 15360K, 0% used [0x00000000d5580000,0x00000000d5580000,0x00000000d6480000)
  from space 2560K, 90% used [0x00000000d6500000,0x00000000d6742de8,0x00000000d6780000)
  to   space 2048K, 0% used [0x00000000d6780000,0x00000000d6780000,0x00000000d6980000)
 ParOldGen       total 136192K, used 135804K [0x0000000080000000, 0x0000000088500000, 0x00000000d5580000)
  object space 136192K, 99% used [0x0000000080000000,0x000000008849f190,0x0000000088500000)
 Metaspace       used 71247K, committed 72768K, reserved 1114112K
  class space    used 7719K, committed 8320K, reserved 1048576K
}
Event: 54.461 GC heap before
{Heap before GC invocations=113 (full 3):
 PSYoungGen      total 17920K, used 17675K [0x00000000d5580000, 0x00000000d6980000, 0x0000000100000000)
  eden space 15360K, 100% used [0x00000000d5580000,0x00000000d6480000,0x00000000d6480000)
  from space 2560K, 90% used [0x00000000d6500000,0x00000000d6742de8,0x00000000d6780000)
  to   space 2048K, 0% used [0x00000000d6780000,0x00000000d6780000,0x00000000d6980000)
 ParOldGen       total 136192K, used 135804K [0x0000000080000000, 0x0000000088500000, 0x00000000d5580000)
  object space 136192K, 99% used [0x0000000080000000,0x000000008849f190,0x0000000088500000)
 Metaspace       used 71247K, committed 72768K, reserved 1114112K
  class space    used 7719K, committed 8320K, reserved 1048576K
}
Event: 54.465 GC heap after
{Heap after GC invocations=113 (full 3):
 PSYoungGen      total 17408K, used 2024K [0x00000000d5580000, 0x00000000d6980000, 0x0000000100000000)
  eden space 15360K, 0% used [0x00000000d5580000,0x00000000d5580000,0x00000000d6480000)
  from space 2048K, 98% used [0x00000000d6780000,0x00000000d697a238,0x00000000d6980000)
  to   space 2560K, 0% used [0x00000000d6500000,0x00000000d6500000,0x00000000d6780000)
 ParOldGen       total 138240K, used 138190K [0x0000000080000000, 0x0000000088700000, 0x00000000d5580000)
  object space 138240K, 99% used [0x0000000080000000,0x00000000886f39c8,0x0000000088700000)
 Metaspace       used 71247K, committed 72768K, reserved 1114112K
  class space    used 7719K, committed 8320K, reserved 1048576K
}

