# JRE version: Java(TM) SE Runtime Environment (26.0.2.1+1) (build 26.0.2.1+1-7)
# Java VM: Java HotSpot(TM) 64-Bit Server VM (26.0.2.1+1-7, mixed mode, sharing, tiered, compressed oops, compressed class ptrs, g1 gc, windows-amd64)
GC Precious Log:
 CardTable entry size: 512
 Card Set container configuration: InlinePtr #cards 5 size 8 Array Of Cards #cards 10 size 36 Howl #buckets 4 coarsen threshold 1843 Howl Bitmap #cards 512 size 80 coarsen threshold 460 Card regions per heap region 1 cards per card region 2048
 CPUs: 8 total, 8 available
 Memory: 7931M
 Large Page Support: Disabled
 NUMA Support: Disabled
 Compressed Oops: Enabled (32-bit)
 Heap Region Size: 1M
 Heap Min Capacity: 8M
 Heap Initial Capacity: 8M
 Heap Max Capacity: 1984M
 Pre-touch: Disabled
 Parallel Workers: 8
 Concurrent Workers: 2
 Concurrent Refinement Workers: 8
 Periodic GC: Disabled
Heap:
 garbage-first heap   total reserved 2031616K, committed 178176K, used 117440K [0x0000000084000000, 0x0000000100000000)
  region size 1M, 67 eden (67M), 1 survivor (1M), 38 old (38M), 11 humongous (11M), 57 free (57M)
GC Heap Usage History (20 events):
Event: 6.399 {heap Before GC invocations=17 (full 0):
 garbage-first heap   total reserved 2031616K, committed 59392K, used 45844K [0x0000000084000000, 0x0000000100000000)
  region size 1M, 32 eden (32M), 2 survivor (2M), 14 old (14M), 0 humongous (0M), 10 free (10M)
}
Event: 6.408 {heap After GC invocations=18 (full 0):
 garbage-first heap   total reserved 2031616K, committed 59392K, used 16437K [0x0000000084000000, 0x0000000100000000)
  region size 1M, 0 eden (0M), 4 survivor (4M), 14 old (14M), 0 humongous (0M), 40 free (40M)
}
Event: 7.786 {heap Before GC invocations=18 (full 0):
 garbage-first heap   total reserved 2031616K, committed 59392K, used 47157K [0x0000000084000000, 0x0000000100000000)
  region size 1M, 30 eden (30M), 4 survivor (4M), 14 old (14M), 0 humongous (0M), 10 free (10M)
}
Event: 7.794 {heap After GC invocations=19 (full 0):
 garbage-first heap   total reserved 2031616K, committed 59392K, used 16181K [0x0000000084000000, 0x0000000100000000)
  region size 1M, 0 eden (0M), 1 survivor (1M), 15 old (15M), 0 humongous (0M), 42 free (42M)
}
Event: 9.114 {heap Before GC invocations=19 (full 0):
 garbage-first heap   total reserved 2031616K, committed 59392K, used 50997K [0x0000000084000000, 0x0000000100000000)
  region size 1M, 33 eden (33M), 1 survivor (1M), 15 old (15M), 1 humongous (1M), 8 free (8M)
}
Event: 9.122 {heap After GC invocations=20 (full 0):
 garbage-first heap   total reserved 2031616K, committed 59392K, used 18126K [0x0000000084000000, 0x0000000100000000)
  region size 1M, 0 eden (0M), 3 survivor (3M), 15 old (15M), 0 humongous (0M), 40 free (40M)
}
Event: 9.876 {heap Before GC invocations=20 (full 0):
 garbage-first heap   total reserved 2031616K, committed 59392K, used 45774K [0x0000000084000000, 0x0000000100000000)
  region size 1M, 21 eden (21M), 3 survivor (3M), 15 old (15M), 7 humongous (7M), 12 free (12M)
}
Event: 9.892 {heap After GC invocations=21 (full 0):
 garbage-first heap   total reserved 2031616K, committed 59392K, used 33792K [0x0000000084000000, 0x0000000100000000)
  region size 1M, 0 eden (0M), 5 survivor (5M), 21 old (21M), 7 humongous (7M), 25 free (25M)
}
Event: 10.187 {heap Before GC invocations=22 (full 0):
 garbage-first heap   total reserved 2031616K, committed 59392K, used 49152K [0x0000000084000000, 0x0000000100000000)
  region size 1M, 14 eden (14M), 5 survivor (5M), 21 old (21M), 8 humongous (8M), 10 free (10M)
}
Event: 10.200 {heap After GC invocations=23 (full 0):
 garbage-first heap   total reserved 2031616K, committed 59392K, used 38240K [0x0000000084000000, 0x0000000100000000)
  region size 1M, 0 eden (0M), 3 survivor (3M), 27 old (27M), 8 humongous (8M), 20 free (20M)
}
Event: 10.323 {heap Before GC invocations=23 (full 0):
 garbage-first heap   total reserved 2031616K, committed 59392K, used 49504K [0x0000000084000000, 0x0000000100000000)
  region size 1M, 11 eden (11M), 3 survivor (3M), 27 old (27M), 8 humongous (8M), 9 free (9M)
}
Event: 10.332 {heap After GC invocations=24 (full 0):
 garbage-first heap   total reserved 2031616K, committed 59392K, used 41984K [0x0000000084000000, 0x0000000100000000)
  region size 1M, 0 eden (0M), 2 survivor (2M), 31 old (31M), 8 humongous (8M), 17 free (17M)
}
Event: 10.634 {heap Before GC invocations=24 (full 0):
 garbage-first heap   total reserved 2031616K, committed 59392K, used 51200K [0x0000000084000000, 0x0000000100000000)
  region size 1M, 9 eden (9M), 2 survivor (2M), 31 old (31M), 8 humongous (8M), 8 free (8M)
}
Event: 10.643 {heap After GC invocations=25 (full 0):
 garbage-first heap   total reserved 2031616K, committed 59392K, used 44520K [0x0000000084000000, 0x0000000100000000)
  region size 1M, 0 eden (0M), 2 survivor (2M), 34 old (34M), 8 humongous (8M), 14 free (14M)
}
Event: 10.848 {heap Before GC invocations=26 (full 0):
 garbage-first heap   total reserved 2031616K, committed 59392K, used 52712K [0x0000000084000000, 0x0000000100000000)
  region size 1M, 8 eden (8M), 2 survivor (2M), 34 old (34M), 8 humongous (8M), 6 free (6M)
}
Event: 10.857 {heap After GC invocations=27 (full 0):
 garbage-first heap   total reserved 2031616K, committed 59392K, used 46105K [0x0000000084000000, 0x0000000100000000)
  region size 1M, 0 eden (0M), 2 survivor (2M), 36 old (36M), 8 humongous (8M), 12 free (12M)
}
Event: 11.128 {heap Before GC invocations=27 (full 0):
 garbage-first heap   total reserved 2031616K, committed 59392K, used 52249K [0x0000000084000000, 0x0000000100000000)
  region size 1M, 7 eden (7M), 2 survivor (2M), 36 old (36M), 8 humongous (8M), 5 free (5M)
}
Event: 11.139 {heap After GC invocations=28 (full 0):
 garbage-first heap   total reserved 2031616K, committed 59392K, used 46818K [0x0000000084000000, 0x0000000100000000)
  region size 1M, 0 eden (0M), 1 survivor (1M), 37 old (37M), 8 humongous (8M), 12 free (12M)
}
Event: 11.459 {heap Before GC invocations=28 (full 0):
 garbage-first heap   total reserved 2031616K, committed 59392K, used 52962K [0x0000000084000000, 0x0000000100000000)
  region size 1M, 7 eden (7M), 1 survivor (1M), 37 old (37M), 8 humongous (8M), 5 free (5M)
}
Event: 11.466 {heap After GC invocations=29 (full 0):
 garbage-first heap   total reserved 2031616K, committed 178176K, used 47808K [0x0000000084000000, 0x0000000100000000)
  region size 1M, 0 eden (0M), 1 survivor (1M), 38 old (38M), 8 humongous (8M), 127 free (127M)
}

