# JRE version: Java(TM) SE Runtime Environment (26.0.2.1+1) (build 26.0.2.1+1-7)
# Java VM: Java HotSpot(TM) 64-Bit Server VM (26.0.2.1+1-7, mixed mode, sharing, tiered, compressed oops, compressed class ptrs, g1 gc, windows-amd64)
GC Precious Log:
 CardTable entry size: 512
 Card Set container configuration: InlinePtr #cards 5 size 8 Array Of Cards #cards 10 size 36 Howl #buckets 4 coarsen threshold 1843 Howl Bitmap #cards 512 size 80 coarsen threshold 460 Card regions per heap region 1 cards per card region 2048
 CPUs: 8 total, 8 available
 Memory: 7931M
 Large Page Support: Disabled
 NUMA Support: Disabled
 Compressed Oops: Enabled (32-bit)
 Heap Region Size: 1M
 Heap Min Capacity: 8M
 Heap Initial Capacity: 8M
 Heap Max Capacity: 1984M
 Pre-touch: Disabled
 Parallel Workers: 8
 Concurrent Workers: 2
 Concurrent Refinement Workers: 8
 Periodic GC: Disabled
Heap:
 garbage-first heap   total reserved 2031616K, committed 28672K, used 11958K [0x0000000084000000, 0x0000000100000000)
  region size 1M, 7 eden (7M), 2 survivor (2M), 6 old (6M), 0 humongous (0M), 13 free (13M)
GC Heap Usage History (12 events):
Event: 0.585 {heap Before GC invocations=0 (full 0):
 garbage-first heap   total reserved 2031616K, committed 10240K, used 4259K [0x0000000084000000, 0x0000000100000000)
  region size 1M, 4 eden (4M), 0 survivor (0M), 2 old (2M), 0 humongous (0M), 4 free (4M)
}
Event: 0.592 {heap After GC invocations=1 (full 0):
 garbage-first heap   total reserved 2031616K, committed 10240K, used 2603K [0x0000000084000000, 0x0000000100000000)
  region size 1M, 0 eden (0M), 1 survivor (1M), 3 old (3M), 0 humongous (0M), 6 free (6M)
}
Event: 0.768 {heap Before GC invocations=1 (full 0):
 garbage-first heap   total reserved 2031616K, committed 10240K, used 4651K [0x0000000084000000, 0x0000000100000000)
  region size 1M, 2 eden (2M), 1 survivor (1M), 3 old (3M), 0 humongous (0M), 4 free (4M)
}
Event: 0.774 {heap After GC invocations=2 (full 0):
 garbage-first heap   total reserved 2031616K, committed 10240K, used 2979K [0x0000000084000000, 0x0000000100000000)
  region size 1M, 0 eden (0M), 1 survivor (1M), 4 old (4M), 0 humongous (0M), 5 free (5M)
}
Event: 0.916 {heap Before GC invocations=2 (full 0):
 garbage-first heap   total reserved 2031616K, committed 10240K, used 5027K [0x0000000084000000, 0x0000000100000000)
  region size 1M, 2 eden (2M), 1 survivor (1M), 4 old (4M), 0 humongous (0M), 3 free (3M)
}
Event: 0.918 {heap After GC invocations=3 (full 0):
 garbage-first heap   total reserved 2031616K, committed 28672K, used 3067K [0x0000000084000000, 0x0000000100000000)
  region size 1M, 0 eden (0M), 1 survivor (1M), 4 old (4M), 0 humongous (0M), 23 free (23M)
}
Event: 1.894 {heap Before GC invocations=3 (full 0):
 garbage-first heap   total reserved 2031616K, committed 28672K, used 16379K [0x0000000084000000, 0x0000000100000000)
  region size 1M, 13 eden (13M), 1 survivor (1M), 4 old (4M), 0 humongous (0M), 10 free (10M)
}
Event: 1.901 {heap After GC invocations=4 (full 0):
 garbage-first heap   total reserved 2031616K, committed 28672K, used 4436K [0x0000000084000000, 0x0000000100000000)
  region size 1M, 0 eden (0M), 2 survivor (2M), 4 old (4M), 0 humongous (0M), 22 free (22M)
}
Event: 2.665 {heap Before GC invocations=4 (full 0):
 garbage-first heap   total reserved 2031616K, committed 28672K, used 18772K [0x0000000084000000, 0x0000000100000000)
  region size 1M, 14 eden (14M), 2 survivor (2M), 4 old (4M), 0 humongous (0M), 8 free (8M)
}
Event: 2.671 {heap After GC invocations=5 (full 0):
 garbage-first heap   total reserved 2031616K, committed 28672K, used 4919K [0x0000000084000000, 0x0000000100000000)
  region size 1M, 0 eden (0M), 1 survivor (1M), 6 old (6M), 0 humongous (0M), 21 free (21M)
}
Event: 3.390 {heap Before GC invocations=5 (full 0):
 garbage-first heap   total reserved 2031616K, committed 28672K, used 20279K [0x0000000084000000, 0x0000000100000000)
  region size 1M, 15 eden (15M), 1 survivor (1M), 6 old (6M), 0 humongous (0M), 6 free (6M)
}
Event: 3.394 {heap After GC invocations=6 (full 0):
 garbage-first heap   total reserved 2031616K, committed 28672K, used 5814K [0x0000000084000000, 0x0000000100000000)
  region size 1M, 0 eden (0M), 2 survivor (2M), 6 old (6M), 0 humongous (0M), 20 free (20M)
}

